Added Component: Designator=U4(QFN32)
Added Pin To Net: NetName=GND Pin=U4-1
Added Pin To Net: NetName=1V2 Pin=U4-2
Added Pin To Net: NetName=VDDA_3.3 Pin=U4-3
Added Pin To Net: NetName=NetJ1_6 Pin=U4-4
Added Pin To Net: NetName=NetJ1_4 Pin=U4-5
Added Pin To Net: NetName=NetJ1_3 Pin=U4-6
Added Pin To Net: NetName=NetJ1_1 Pin=U4-7
Added Pin To Net: NetName=NetC31_1 Pin=U4-8
Added Pin To Net: NetName=NetC32_1 Pin=U4-9
Added Pin To Net: NetName=NetR14_1 Pin=U4-10
Added Pin To Net: NetName=MDIO Pin=U4-11
Added Pin To Net: NetName=MDC Pin=U4-12
Added Pin To Net: NetName=NetR21_1 Pin=U4-13
Added Pin To Net: NetName=NetR19_1 Pin=U4-14
Added Pin To Net: NetName=NetR17_1 Pin=U4-15
Added Pin To Net: NetName=NetR15_1 Pin=U4-16
Added Pin To Net: NetName=3V3 Pin=U4-17
Added Pin To Net: NetName=RXDV Pin=U4-18
Added Pin To Net: NetName=RXC Pin=U4-19
Added Pin To Net: NetName=RXER Pin=U4-20
Added Pin To Net: NetName=INTR Pin=U4-21
Added Pin To Net: NetName=TXC Pin=U4-22
Added Pin To Net: NetName=TXEN Pin=U4-23
Added Pin To Net: NetName=NetU4_24 Pin=U4-24
Added Pin To Net: NetName=NetU4_25 Pin=U4-25
Added Pin To Net: NetName=NetU4_26 Pin=U4-26
Added Pin To Net: NetName=NetU4_27 Pin=U4-27
Added Pin To Net: NetName=NetR10_1 Pin=U4-28
Added Pin To Net: NetName=NetR8_1 Pin=U4-29
Added Pin To Net: NetName=LEDG_A Pin=U4-30
Added Pin To Net: NetName=TXER Pin=U4-31
Added Pin To Net: NetName=RESET Pin=U4-32
Added Pin To Net: NetName=GND Pin=U4-33
Add Class: Class already exists: Designator
Add Class: Class already exists: Designator
Add Class: Class already exists: Designator
Add Class: Class already exists: Designator
Add Class: Class already exists: Designator
Added Room: Name=Designator
Added Room: Name=Designator
Added Room: Name=Designator
Added Room: Name=Designator
Added Room: Name=Designator
